<?xml version="1.0" encoding="UTF-8"?>
<testng-results ignored="0" total="2" passed="1" failed="1" skipped="0">
  <reporter-output>
  </reporter-output>
  <suite started-at="2024-12-21T11:45:42 IST" name="Default suite" finished-at="2024-12-21T11:45:59 IST" duration-ms="17682">
    <groups>
      <group name="cucumber">
        <method signature="AbstractTestNGCucumberTests.runScenario(io.cucumber.testng.PickleWrapper,io.cucumber.testng.FeatureWrapper)[pri:0, instance:com.runners.testRunner@477b4cdf]" name="runScenario" class="io.cucumber.testng.AbstractTestNGCucumberTests"/>
      </group> <!-- cucumber -->
    </groups>
    <test started-at="2024-12-21T11:45:42 IST" name="Default test" finished-at="2024-12-21T11:45:59 IST" duration-ms="17682">
      <class name="com.runners.testRunner">
        <test-method is-config="true" signature="setUpClass(org.testng.ITestContext)[pri:0, instance:com.runners.testRunner@477b4cdf]" started-at="2024-12-21T11:45:42 IST" name="setUpClass" finished-at="2024-12-21T11:45:43 IST" duration-ms="990" status="PASS">
          <params>
            <param index="0">
              <value>
                <![CDATA[org.testng.TestRunner@2e060819]]>
              </value>
            </param>
          </params>
          <reporter-output>
          </reporter-output>
        </test-method> <!-- setUpClass -->
        <test-method signature="runScenario(io.cucumber.testng.PickleWrapper,io.cucumber.testng.FeatureWrapper)[pri:0, instance:com.runners.testRunner@477b4cdf]" started-at="2024-12-21T11:45:43 IST" name="runScenario" description="Runs Cucumber Scenarios" data-provider="scenarios" finished-at="2024-12-21T11:45:53 IST" duration-ms="10282" status="FAIL">
          <params>
            <param index="0">
              <value>
                <![CDATA["Login should be successful"]]>
              </value>
            </param>
            <param index="1">
              <value>
                <![CDATA["Bookcart Application Login"]]>
              </value>
            </param>
          </params>
          <exception class="java.lang.AssertionError">
            <message>
              <![CDATA[expected [anan] but found [anandraj]]]>
            </message>
            <full-stacktrace>
              <![CDATA[java.lang.AssertionError: expected [anan] but found [anandraj]
at org.testng.Assert.fail(Assert.java:111)
at org.testng.Assert.failNotEquals(Assert.java:1578)
at org.testng.Assert.assertEqualsImpl(Assert.java:150)
at org.testng.Assert.assertEquals(Assert.java:132)
at org.testng.Assert.assertEquals(Assert.java:656)
at org.testng.Assert.assertEquals(Assert.java:666)
at com.stepdefenitions.loginSteps.theUserShouldBeAbleToLoginSuccessfully(loginSteps.java:41)
at âœ½.the user should be able to login successfully(file:///C:/Users/Admin/eclipse-workspace/cucumberFramework/src/test/java/com/features/login.feature:13)
]]>
            </full-stacktrace>
          </exception> <!-- java.lang.AssertionError -->
          <reporter-output>
          </reporter-output>
        </test-method> <!-- runScenario -->
        <test-method signature="runScenario(io.cucumber.testng.PickleWrapper,io.cucumber.testng.FeatureWrapper)[pri:0, instance:com.runners.testRunner@477b4cdf]" started-at="2024-12-21T11:45:53 IST" name="runScenario" description="Runs Cucumber Scenarios" data-provider="scenarios" finished-at="2024-12-21T11:45:59 IST" duration-ms="6220" status="PASS">
          <params>
            <param index="0">
              <value>
                <![CDATA["Login should fail"]]>
              </value>
            </param>
            <param index="1">
              <value>
                <![CDATA["Bookcart Application Login"]]>
              </value>
            </param>
          </params>
          <reporter-output>
          </reporter-output>
        </test-method> <!-- runScenario -->
        <test-method is-config="true" signature="tearDownClass()[pri:0, instance:com.runners.testRunner@477b4cdf]" started-at="2024-12-21T11:45:59 IST" name="tearDownClass" finished-at="2024-12-21T11:45:59 IST" duration-ms="115" status="PASS">
          <reporter-output>
          </reporter-output>
        </test-method> <!-- tearDownClass -->
      </class> <!-- com.runners.testRunner -->
    </test> <!-- Default test -->
  </suite> <!-- Default suite -->
</testng-results>
