<?xml version="1.0" encoding="UTF-8"?>
<!-- Generated by org.testng.reporters.JUnitReportReporter -->
<testsuite hostname="DESKTOP-HA3CHSD" failures="1" tests="6" name="com.runners.testRunner" time="56.646" errors="0" timestamp="2024-12-26T21:56:38 IST" skipped="0">
  <testcase classname="com.runners.testRunner" name="runScenario" time="10.523">
    <failure message="expected [true] but found [false]" type="java.lang.AssertionError">
      <![CDATA[java.lang.AssertionError: expected [true] but found [false]
at org.testng.Assert.fail(Assert.java:111)
at org.testng.Assert.failNotEquals(Assert.java:1578)
at org.testng.Assert.assertEqualsImpl(Assert.java:150)
at org.testng.Assert.assertEquals(Assert.java:132)
at org.testng.Assert.assertEquals(Assert.java:1067)
at org.testng.Assert.assertEquals(Assert.java:1031)
at org.testng.Assert.assertEquals(Assert.java:1077)
at pages.Header.theCartPageShouldBeUpdated(Header.java:30)
at âœ½.The cart page should be updated(file:///C:/Users/Admin/eclipse-workspace/cucumberFramework/src/test/java/com/features/addToCart.feature:12)
]]>
    </failure>
  </testcase> <!-- runScenario -->
  <testcase classname="com.runners.testRunner" name="runScenario" time="10.870"/>
  <testcase classname="com.runners.testRunner" name="runScenario" time="9.551"/>
  <testcase classname="com.runners.testRunner" name="runScenario" time="7.311"/>
  <testcase classname="com.runners.testRunner" name="runScenario" time="8.179"/>
  <testcase classname="com.runners.testRunner" name="runScenario" time="10.212"/>
</testsuite> <!-- com.runners.testRunner -->
